Loaded dependency [python3/3.11.4]: gcc/12.3.0-binutils-2.40
Loaded dependency [python3/3.11.4]: sqlite3/3.42.0
Loaded module: python3/3.11.4

Loading python3/3.11.4
  Loading requirement: gcc/12.3.0-binutils-2.40 sqlite3/3.42.0
Loaded dependency [numpy/1.24.3-python-3.11.4-openblas-0.3.23]: openblas/0.3.23
Loaded dependency [pandas/2.0.2-python-3.11.4]: numpy/1.24.3-python-3.11.4-openblas-0.3.23
Loaded module: pandas/2.0.2-python-3.11.4

Loading pandas/2.0.2-python-3.11.4
  Loading requirement: openblas/0.3.23
    numpy/1.24.3-python-3.11.4-openblas-0.3.23
Traceback (most recent call last):
  File "/appl/numpy/1.24.3-python-3.11.4-openblas-0.3.23//lib/python3.11/site-packages/site.py", line 75, in <module>
    __boot()
  File "/appl/numpy/1.24.3-python-3.11.4-openblas-0.3.23//lib/python3.11/site-packages/site.py", line 3, in __boot
    import os
ImportError: No module named os
Loaded dependency [python3/3.11.4]: gcc/12.3.0-binutils-2.40
Loaded dependency [python3/3.11.4]: sqlite3/3.42.0
Loaded module: python3/3.11.4

Loading python3/3.11.4
  Loading requirement: gcc/12.3.0-binutils-2.40 sqlite3/3.42.0
Loaded dependency [numpy/1.24.3-python-3.11.4-openblas-0.3.23]: openblas/0.3.23
Loaded dependency [pandas/2.0.2-python-3.11.4]: numpy/1.24.3-python-3.11.4-openblas-0.3.23
Loaded module: pandas/2.0.2-python-3.11.4

Loading pandas/2.0.2-python-3.11.4
  Loading requirement: openblas/0.3.23
    numpy/1.24.3-python-3.11.4-openblas-0.3.23
Traceback (most recent call last):
  File "/zhome/ec/4/183935/Prediction-of-protein-isoforms-using-semi-supervised-learning/aiax_project.py", line 3, in <module>
    import matplotlib.pyplot as plt
ModuleNotFoundError: No module named 'matplotlib'
Loaded dependency [python3/3.11.4]: gcc/12.3.0-binutils-2.40
Loaded dependency [python3/3.11.4]: sqlite3/3.42.0
Loaded module: python3/3.11.4

Loading python3/3.11.4
  Loading requirement: gcc/12.3.0-binutils-2.40 sqlite3/3.42.0
Loaded dependency [numpy/1.24.3-python-3.11.4-openblas-0.3.23]: openblas/0.3.23
Loaded dependency [pandas/2.0.2-python-3.11.4]: numpy/1.24.3-python-3.11.4-openblas-0.3.23
Loaded module: pandas/2.0.2-python-3.11.4

Loading pandas/2.0.2-python-3.11.4
  Loading requirement: openblas/0.3.23
    numpy/1.24.3-python-3.11.4-openblas-0.3.23
Loaded dependency [matplotlib/3.7.1-numpy-1.24.3-python-3.11.4]: scipy/1.10.1-python-3.11.4
Loaded module: matplotlib/3.7.1-numpy-1.24.3-python-3.11.4

Loading matplotlib/3.7.1-numpy-1.24.3-python-3.11.4
  Loading requirement: scipy/1.10.1-python-3.11.4
