Loaded dependency [python3/3.11.4]: gcc/12.3.0-binutils-2.40
Loaded dependency [python3/3.11.4]: sqlite3/3.42.0
Loaded module: python3/3.11.4

Loading python3/3.11.4
  Loading requirement: gcc/12.3.0-binutils-2.40 sqlite3/3.42.0
Loaded dependency [numpy/1.24.3-python-3.11.4-openblas-0.3.23]: openblas/0.3.23
Loaded dependency [pandas/2.0.2-python-3.11.4]: numpy/1.24.3-python-3.11.4-openblas-0.3.23
Loaded module: pandas/2.0.2-python-3.11.4

Loading pandas/2.0.2-python-3.11.4
  Loading requirement: openblas/0.3.23
    numpy/1.24.3-python-3.11.4-openblas-0.3.23
Loaded dependency [matplotlib/3.7.1-numpy-1.24.3-python-3.11.4]: scipy/1.10.1-python-3.11.4
Loaded module: matplotlib/3.7.1-numpy-1.24.3-python-3.11.4

Loading matplotlib/3.7.1-numpy-1.24.3-python-3.11.4
  Loading requirement: scipy/1.10.1-python-3.11.4
--------------------------------------
X.shape: (1000, 18965)
Y.shape: (1000, 18965)
Y.shape: (1000, 18965)
V.shape: (18965, 1000)
S.shape: (1000,)
U.shape: (1000, 1000)
Z.shape: (1000, 1000)

------------------------------------------------------------
Sender: LSF System <lsfadmin@hpc.dtu.dk>
Subject: Job 19481252: <NONAME> in cluster <dcc> Done

Job <NONAME> was submitted from host <hpclogin1> by user <s223237> in cluster <dcc> at Mon Nov 20 16:30:19 2023
Job was executed on host(s) <n-62-31-24>, in queue <hpc>, as user <s223237> in cluster <dcc> at Mon Nov 20 16:30:21 2023
</zhome/ec/4/183935> was used as the home directory.
</zhome/ec/4/183935/Prediction-of-protein-isoforms-using-semi-supervised-learning> was used as the working directory.
Started at Mon Nov 20 16:30:21 2023
Terminated at Mon Nov 20 16:30:49 2023
Results reported at Mon Nov 20 16:30:49 2023

Your job looked like:

------------------------------------------------------------
# LSBATCH: User input
pca.sh
------------------------------------------------------------

Successfully completed.

Resource usage summary:

    CPU time :                                   25.59 sec.
    Max Memory :                                 395 MB
    Average Memory :                             263.33 MB
    Total Requested Memory :                     1024.00 MB
    Delta Memory :                               629.00 MB
    Max Swap :                                   -
    Max Processes :                              4
    Max Threads :                                5
    Run time :                                   101 sec.
    Turnaround time :                            30 sec.

The output (if any) is above this job summary.

