[[0.36650800763124636 -0.5430695440336466 -0.016687959221990553 ...
  0.09862021216305952 1.1906934479903573 0.0]
 [1.3345436679951672 1.3241237189178179 -0.10075222401046505 ...
  0.021998930560147206 -0.006664783575067501 0.0]
 [0.8997834413133159 -0.5317096818690987 0.08828160037955204 ...
  -0.058921064823420286 1.1093933458885088 0.0]
 ...
 [-0.9045958281784334 1.4274058435008916 0.010279088378278858 ...
  0.008823541812413918 -0.6652303743362218 0.0]
 [-0.4201602034112417 -1.661876974073676 -0.016687959221990553 ...
  0.1354569803434309 -0.4651525388873087 0.0]
 [-0.3738143656083399 -0.6434200693661154 -0.07218307181369416 ...
  -0.11550459318978779 -0.24424360872619133 0.0]]
[['GTEX-1117F-0226-SM-5GZZ7' 3.327687364176047 2.339137384919585 ...
  0.2141248053528473 2.130930869826449 0]
 ['GTEX-1117F-0426-SM-5EGHI' 4.295723024539968 4.20633064787105 ...
  0.137503523749935 0.933572638261024 0]
 ['GTEX-1117F-0526-SM-5EGHJ' 3.8609627978581167 2.350497247084133 ...
  0.0565835283663675 2.0496307677246004 0]
 ...
 ['GTEX-1117F-2526-SM-5GZY6' 2.0565835283663674 4.309612772454123 ...
  0.1243281350022017 0.2750070474998697 0]
 ['GTEX-1117F-2826-SM-5GZXL' 2.541019153133559 1.2203299548795556 ...
  0.2509615735332187 0.4750848829487828 0]
 ['GTEX-1117F-2926-SM-5GZYI' 2.587364990936461 2.2387868595871163 ... 0.0
  0.6959938131099002 0]]
X
[['GTEX-1117F-0226-SM-5GZZ7' 3.327687364176047 2.339137384919585 ...
  0.2141248053528473 2.130930869826449 0]
 ['GTEX-1117F-0426-SM-5EGHI' 4.295723024539968 4.20633064787105 ...
  0.137503523749935 0.933572638261024 0]
 ['GTEX-1117F-0526-SM-5EGHJ' 3.8609627978581167 2.350497247084133 ...
  0.0565835283663675 2.0496307677246004 0]
 ...
 ['GTEX-1117F-2526-SM-5GZY6' 2.0565835283663674 4.309612772454123 ...
  0.1243281350022017 0.2750070474998697 0]
 ['GTEX-1117F-2826-SM-5GZXL' 2.541019153133559 1.2203299548795556 ...
  0.2509615735332187 0.4750848829487828 0]
 ['GTEX-1117F-2926-SM-5GZYI' 2.587364990936461 2.2387868595871163 ... 0.0
  0.6959938131099002 0]]
[['GTEX-1117F-0226-SM-5GZZ7' 3.327687364176047 2.339137384919585 ...
  0.2141248053528473 2.130930869826449 0]
 ['GTEX-1117F-0426-SM-5EGHI' 4.295723024539968 4.20633064787105 ...
  0.137503523749935 0.933572638261024 0]
 ['GTEX-1117F-0526-SM-5EGHJ' 3.8609627978581167 2.350497247084133 ...
  0.0565835283663675 2.0496307677246004 0]
 ...
 ['GTEX-1117F-2526-SM-5GZY6' 2.0565835283663674 4.309612772454123 ...
  0.1243281350022017 0.2750070474998697 0]
 ['GTEX-1117F-2826-SM-5GZXL' 2.541019153133559 1.2203299548795556 ...
  0.2509615735332187 0.4750848829487828 0]
 ['GTEX-1117F-2926-SM-5GZYI' 2.587364990936461 2.2387868595871163 ... 0.0
  0.6959938131099002 0]]
X
[[4.29572302 4.20633065 0.         ... 0.13750352 0.93357264 0.        ]
 [3.8609628  2.35049725 0.18903382 ... 0.05658353 2.04963077 0.        ]
 [2.9579146  2.93545975 0.         ... 0.0976108  1.03562391 0.        ]
 ...
 [2.05658353 4.30961277 0.11103131 ... 0.12432814 0.27500705 0.        ]
 [2.54101915 1.22032995 0.08406426 ... 0.25096157 0.47508488 0.        ]
 [2.58736499 2.23878686 0.02856915 ... 0.         0.69599381 0.        ]]
Y1
[[ 1.37526678  1.26378266 -0.10260644 ...  0.03295673  0.12563449
   0.        ]
 [ 0.94050655 -0.59205074  0.08642738 ... -0.04796326  1.24169262
   0.        ]
 [ 0.03745835 -0.00708824 -0.10260644 ... -0.006936    0.22768576
   0.        ]
 ...
 [-0.86387272  1.36706478  0.00842487 ...  0.01978134 -0.5329311
   0.        ]
 [-0.37943709 -1.72221803 -0.01854218 ...  0.14641478 -0.33285327
   0.        ]
 [-0.33309125 -0.70376113 -0.07403729 ... -0.10454679 -0.11194434
   0.        ]]
Y2
[[ 2.04226473  0.80441823 -0.7451059  ...  0.43223299  0.23860432
          nan]
 [ 1.39664783 -0.37684993  0.62761706 ... -0.62904613  2.35821573
          nan]
 [ 0.05562548 -0.00451178 -0.7451059  ... -0.09096672  0.43241953
          nan]
 ...
 [-1.28284694  0.87015898  0.0611796  ...  0.25943559 -1.01213979
          nan]
 [-0.5634623  -1.0962198  -0.1346493  ...  1.92025406 -0.63215308
          nan]
 [-0.49463895 -0.44795541 -0.53764287 ... -1.37114845 -0.21260406
          nan]]
X
[[4.29572302 4.20633065 0.         ... 0.13750352 0.93357264 0.        ]
 [3.8609628  2.35049725 0.18903382 ... 0.05658353 2.04963077 0.        ]
 [2.9579146  2.93545975 0.         ... 0.0976108  1.03562391 0.        ]
 ...
 [2.05658353 4.30961277 0.11103131 ... 0.12432814 0.27500705 0.        ]
 [2.54101915 1.22032995 0.08406426 ... 0.25096157 0.47508488 0.        ]
 [2.58736499 2.23878686 0.02856915 ... 0.         0.69599381 0.        ]]
Y1
[[ 1.37526678  1.26378266 -0.10260644 ...  0.03295673  0.12563449
   0.        ]
 [ 0.94050655 -0.59205074  0.08642738 ... -0.04796326  1.24169262
   0.        ]
 [ 0.03745835 -0.00708824 -0.10260644 ... -0.006936    0.22768576
   0.        ]
 ...
 [-0.86387272  1.36706478  0.00842487 ...  0.01978134 -0.5329311
   0.        ]
 [-0.37943709 -1.72221803 -0.01854218 ...  0.14641478 -0.33285327
   0.        ]
 [-0.33309125 -0.70376113 -0.07403729 ... -0.10454679 -0.11194434
   0.        ]]
Y2
[[ 1.37526678  1.26378266 -0.10260644 ...  0.03295673  0.12563449
   0.        ]
 [ 0.94050655 -0.59205074  0.08642738 ... -0.04796326  1.24169262
   0.        ]
 [ 0.03745835 -0.00708824 -0.10260644 ... -0.006936    0.22768576
   0.        ]
 ...
 [-0.86387272  1.36706478  0.00842487 ...  0.01978134 -0.5329311
   0.        ]
 [-0.37943709 -1.72221803 -0.01854218 ...  0.14641478 -0.33285327
   0.        ]
 [-0.33309125 -0.70376113 -0.07403729 ... -0.10454679 -0.11194434
   0.        ]]
[[-1.54305357e+02  4.12475236e+01 -3.62176895e+01 -8.00292170e+00
  -2.53952276e+01 -1.99273704e+00  4.96463728e+00 -7.91415500e+00
   1.68854514e-13]
 [-6.08921231e+00 -4.26527073e+01 -3.59446598e+01 -5.12027409e+01
   5.55673394e+01  2.69798342e-01 -9.98148276e+00  8.93029108e+00
   1.15879528e-13]
 [ 3.33452456e+01 -6.29801192e+01  2.82621169e+00  3.12972029e+00
   5.37590700e-01 -1.46949275e+01  4.72532030e+01 -2.88755168e+01
   9.11319631e-14]
 [-6.27152338e+01 -1.72594801e+01  5.10076431e+01  5.78560624e+01
   3.68805740e+01  7.65538991e+00 -1.14863602e+00  1.14605607e+01
   2.09603168e-13]
 [ 6.44864697e+00 -3.44774052e+01  5.41882822e+01 -2.24950843e+01
  -2.19734761e+01 -1.22710874e+01 -4.14253563e+01 -2.20234197e+01
   4.96824804e-14]
 [ 5.22429967e+01 -5.88695256e+01 -6.16262349e+01  3.99667110e+01
  -2.42868630e+01  2.53531431e+01 -1.89100364e+01  4.08411529e+00
   1.92892577e-14]
 [ 6.40192973e+01  1.04410432e+02 -2.13868708e+01  2.11264883e+01
   1.22244219e+01 -4.52830133e+01 -8.02101046e+00 -1.90215250e+00
  -6.48543719e-14]
 [ 2.02178511e+01 -1.61729380e+01  2.52436706e+01 -2.15321848e+01
  -3.43472549e+01 -1.50015152e+01  1.69439095e+01  4.25321431e+01
   1.95753136e-13]
 [ 4.68357655e+01  8.67542201e+01  2.19096475e+01 -1.88460502e+01
   7.92895524e-01  5.59649491e+01  1.03247720e+01 -6.29186614e+00
  -5.68897360e-13]]
X.dtype: float64
X.shape: (99, 18965)
Y.dtype: float64
Y.shape: (99, 18965)
[-0.55785142  1.45611608 -0.56765567 ... -0.31115347  1.57937957
 -0.00890573]
Y.dtype: float64
Y.shape: (99, 18965)
[-0.57122903  1.06772569 -0.48404579 ... -0.3877307   1.83261316
 -0.05557835]
X.dtype: float64
X.shape: (999, 18965)
Y.dtype: float64
Y.shape: (999, 18965)
[-0.54672608  0.94835747 -0.41673728 ... -0.23997664 -0.47236617
  0.49741628]
Y.dtype: float64
Y.shape: (999, 18965)
[-0.55786369  0.73031863 -0.42710306 ... -0.26442761 -0.41649947
  2.41561126]
V.dtype: float64
V.shape: (18965, 999)
V.dtype: float64
V.shape: (999,)
V.dtype: float64
V.shape: (999, 999)
Z.dtype: float64
Z.shape: (999, 999)
X.dtype: float64
X.shape: (1000, 18965)
Y.dtype: float64
Y.shape: (1000, 18965)
[-0.54760401  0.94845678 -0.41634802 ... -0.23990815 -0.47321738
  0.49750383]
Y.shape: (1000, 18965)
[-0.55881491  0.73075845 -0.42688366 ... -0.26448366 -0.41734126
  2.4170269 ]
V.shape: (18965, 1000)
S.shape: (1000,)
U.shape: (1000, 1000)
Z.dtype: float64
Z.shape: (1000, 1000)
--------------------------------------
X.shape: (1000, 18965)
V.shape: (18965, 1000)
S.shape: (1000,)
U.shape: (1000, 1000)
[3.32768736 2.33913738 0.08406426 ... 0.21412481 2.13093087 0.        ]
--------------------------------------
X.shape: (1000, 18965)
V.shape: (18965, 1000)
S.shape: (1000,)
U.shape: (1000, 1000)
--------------------------------------
X.shape: (1000, 18965)
Y.shape: (1000, 18965)
Y.shape: (1000, 18965)
V.shape: (18965, 1000)
S.shape: (1000,)
U.shape: (1000, 1000)
Z.shape: (1000, 1000)
--------------------------------------
X.shape: (1000, 18965)
Y.shape: (1000, 18965)
Y.shape: (1000, 18965)
V.shape: (18965, 1000)
S.shape: (1000,)
U.shape: (1000, 1000)
Z.shape: (1000, 1000)
--------------------------------------
X.shape: (1000, 18965)
Y.shape: (1000, 18965)
Y.shape: (1000, 18965)
V.shape: (18965, 1000)
S.shape: (1000,)
U.shape: (1000, 1000)
Z.shape: (1000, 1000)
--------------------------------------
X.shape: (1000, 18965)
Y.shape: (1000, 18965)
Y.shape: (1000, 18965)
V.shape: (18965, 1000)
S.shape: (1000,)
U.shape: (1000, 1000)
Z.shape: (1000, 1000)
['TMEM38B' '3.327687364176047']
[['TMEM38B' 'SLC24A3']
 ['3.327687364176047' '2.339137384919585']]
[['sample_id' 'TMEM38B']
 ['GTEX-1117F-0226-SM-5GZZ7' '3.327687364176047']]
