Loaded dependency [python3/3.11.4]: gcc/12.3.0-binutils-2.40
Loaded dependency [python3/3.11.4]: sqlite3/3.42.0
Loaded module: python3/3.11.4

Loading python3/3.11.4
  Loading requirement: gcc/12.3.0-binutils-2.40 sqlite3/3.42.0
Loaded dependency [numpy/1.24.3-python-3.11.4-openblas-0.3.23]: openblas/0.3.23
Loaded dependency [pandas/2.0.2-python-3.11.4]: numpy/1.24.3-python-3.11.4-openblas-0.3.23
Loaded module: pandas/2.0.2-python-3.11.4

Loading pandas/2.0.2-python-3.11.4
  Loading requirement: openblas/0.3.23
    numpy/1.24.3-python-3.11.4-openblas-0.3.23
Loaded dependency [matplotlib/3.7.1-numpy-1.24.3-python-3.11.4]: scipy/1.10.1-python-3.11.4
Loaded module: matplotlib/3.7.1-numpy-1.24.3-python-3.11.4

Loading matplotlib/3.7.1-numpy-1.24.3-python-3.11.4
  Loading requirement: scipy/1.10.1-python-3.11.4
/zhome/ec/4/183935/Prediction-of-protein-isoforms-using-semi-supervised-learning/pca.py:24: RuntimeWarning: divide by zero encountered in divide
  Y = Y*(1/np.std(Y,0))
/zhome/ec/4/183935/Prediction-of-protein-isoforms-using-semi-supervised-learning/pca.py:24: RuntimeWarning: invalid value encountered in multiply
  Y = Y*(1/np.std(Y,0))
Traceback (most recent call last):
  File "/zhome/ec/4/183935/Prediction-of-protein-isoforms-using-semi-supervised-learning/pca.py", line 28, in <module>
    U,S,Vh = svd(Y,full_matrices=False)
             ^^^^^^^^^^^^^^^^^^^^^^^^^^
  File "/appl/scipy/1.10.1-numpy-1.24.3-python-3.11.4/lib/python3.11/site-packages/scipy/linalg/_decomp_svd.py", line 108, in svd
    a1 = _asarray_validated(a, check_finite=check_finite)
         ^^^^^^^^^^^^^^^^^^^^^^^^^^^^^^^^^^^^^^^^^^^^^^^^
  File "/appl/scipy/1.10.1-numpy-1.24.3-python-3.11.4/lib/python3.11/site-packages/scipy/_lib/_util.py", line 252, in _asarray_validated
    a = toarray(a)
        ^^^^^^^^^^
  File "/appl/numpy/1.24.3-python-3.11.4-openblas-0.3.23/lib/python3.11/site-packages/numpy/lib/function_base.py", line 628, in asarray_chkfinite
    raise ValueError(
ValueError: array must not contain infs or NaNs
