X.dtype: float64
X.shape: (999, 18965)
[1.90303827 3.38681095 0.05658353 ... 0.04264434 0.80735492 0.5849625 ]
Y.dtype: float64
Y.shape: (999, 18965)
[-0.54672608  0.94835747 -0.41673728 ... -0.23997664 -0.47236617
  0.49741628]
0.028465563895731277
9819
Y.dtype: float64
Y.shape: (999, 18965)
[-0.55786369  0.73031863 -0.42710306 ... -0.26442761 -0.41649947
  2.41561126]
V.dtype: float64
V.shape: (18965, 999)
Z.dtype: float64
Z.shape: (999, 999)
[[-5.60031543e+01  1.47939407e+01 -2.50070314e+00 ... -3.97837270e-02
   1.12512902e-01 -4.39925874e-14]
 [ 3.79994690e+01  3.57198435e+01 -8.14482164e+00 ...  5.80381758e-03
  -1.20251962e-01 -4.54029175e-14]
 [ 6.52165836e+01  2.66303015e+01 -1.76929711e+01 ... -1.98085310e-01
  -1.14925425e-01 -4.28962421e-14]
 ...
 [ 2.78187579e+01  3.09311543e+01  2.14724163e+01 ...  8.14540984e-02
   1.50762358e-01 -4.35146710e-14]
 [ 3.27152739e+01  1.98296949e+01 -2.12745723e+01 ...  1.65965882e-01
   2.17186715e-01 -4.93494134e-14]
 [ 1.45544989e+01  3.46946065e+01  2.07609844e+01 ... -8.09794680e-02
   3.50667584e-03 -4.23931723e-14]]
