X
[[4.29572302 4.20633065 0.         ... 0.13750352 0.93357264 0.        ]
 [3.8609628  2.35049725 0.18903382 ... 0.05658353 2.04963077 0.        ]
 [2.9579146  2.93545975 0.         ... 0.0976108  1.03562391 0.        ]
 ...
 [2.05658353 4.30961277 0.11103131 ... 0.12432814 0.27500705 0.        ]
 [2.54101915 1.22032995 0.08406426 ... 0.25096157 0.47508488 0.        ]
 [2.58736499 2.23878686 0.02856915 ... 0.         0.69599381 0.        ]]
Y1
[[ 1.37526678  1.26378266 -0.10260644 ...  0.03295673  0.12563449
   0.        ]
 [ 0.94050655 -0.59205074  0.08642738 ... -0.04796326  1.24169262
   0.        ]
 [ 0.03745835 -0.00708824 -0.10260644 ... -0.006936    0.22768576
   0.        ]
 ...
 [-0.86387272  1.36706478  0.00842487 ...  0.01978134 -0.5329311
   0.        ]
 [-0.37943709 -1.72221803 -0.01854218 ...  0.14641478 -0.33285327
   0.        ]
 [-0.33309125 -0.70376113 -0.07403729 ... -0.10454679 -0.11194434
   0.        ]]
Y2
[[ 1.37526678  1.26378266 -0.10260644 ...  0.03295673  0.12563449
   0.        ]
 [ 0.94050655 -0.59205074  0.08642738 ... -0.04796326  1.24169262
   0.        ]
 [ 0.03745835 -0.00708824 -0.10260644 ... -0.006936    0.22768576
   0.        ]
 ...
 [-0.86387272  1.36706478  0.00842487 ...  0.01978134 -0.5329311
   0.        ]
 [-0.37943709 -1.72221803 -0.01854218 ...  0.14641478 -0.33285327
   0.        ]
 [-0.33309125 -0.70376113 -0.07403729 ... -0.10454679 -0.11194434
   0.        ]]
[[-1.54305357e+02  4.12475236e+01 -3.62176895e+01 -8.00292170e+00
  -2.53952276e+01 -1.99273704e+00  4.96463728e+00 -7.91415500e+00
   1.68854514e-13]
 [-6.08921231e+00 -4.26527073e+01 -3.59446598e+01 -5.12027409e+01
   5.55673394e+01  2.69798342e-01 -9.98148276e+00  8.93029108e+00
   1.15879528e-13]
 [ 3.33452456e+01 -6.29801192e+01  2.82621169e+00  3.12972029e+00
   5.37590700e-01 -1.46949275e+01  4.72532030e+01 -2.88755168e+01
   9.11319631e-14]
 [-6.27152338e+01 -1.72594801e+01  5.10076431e+01  5.78560624e+01
   3.68805740e+01  7.65538991e+00 -1.14863602e+00  1.14605607e+01
   2.09603168e-13]
 [ 6.44864697e+00 -3.44774052e+01  5.41882822e+01 -2.24950843e+01
  -2.19734761e+01 -1.22710874e+01 -4.14253563e+01 -2.20234197e+01
   4.96824804e-14]
 [ 5.22429967e+01 -5.88695256e+01 -6.16262349e+01  3.99667110e+01
  -2.42868630e+01  2.53531431e+01 -1.89100364e+01  4.08411529e+00
   1.92892577e-14]
 [ 6.40192973e+01  1.04410432e+02 -2.13868708e+01  2.11264883e+01
   1.22244219e+01 -4.52830133e+01 -8.02101046e+00 -1.90215250e+00
  -6.48543719e-14]
 [ 2.02178511e+01 -1.61729380e+01  2.52436706e+01 -2.15321848e+01
  -3.43472549e+01 -1.50015152e+01  1.69439095e+01  4.25321431e+01
   1.95753136e-13]
 [ 4.68357655e+01  8.67542201e+01  2.19096475e+01 -1.88460502e+01
   7.92895524e-01  5.59649491e+01  1.03247720e+01 -6.29186614e+00
  -5.68897360e-13]]
