X.dtype: float64
X.shape: (9999, 18965)
[2.077243   3.02856915 0.57531233 ... 0.         1.29278175 0.12432814]
Y.dtype: float64
Y.shape: (9999, 18965)
[-0.35512422  0.51799175  0.13906961 ... -0.27729939 -0.06526033
  0.04291172]
0.05700415098535147
2329
Y.dtype: float64
Y.shape: (9999, 18965)
[-0.35423715  0.39294844  0.16053418 ... -0.28731768 -0.05541583
  0.22430193]
V.dtype: float64
V.shape: (18965, 9999)
Z.dtype: float64
Z.shape: (9999, 9999)
[[-5.22242278e+01 -2.37598404e+01  7.46149271e+00 ...  5.55231326e-03
  -4.24559481e-03  3.42208900e-14]
 [ 4.01917843e+01 -3.47389269e+01  1.37715071e+01 ...  2.81592003e-02
   3.16696660e-02  3.74214548e-14]
 [ 6.70589460e+01 -2.25808134e+01  1.97827626e+01 ... -3.17818479e-02
   1.03759488e-03  3.73034936e-14]
 ...
 [ 3.60287541e+01 -3.68966051e+01 -9.09117362e+00 ... -2.49389474e-02
  -3.61147847e-02  3.60753094e-14]
 [ 4.74128339e+01 -2.23508712e+01  2.51981573e+01 ... -5.38681693e-02
   1.58032593e-02  3.47222251e-14]
 [ 4.89109376e+01 -3.12164665e+01  9.20237442e+00 ...  4.81958780e-03
  -8.39325392e-03  3.70745101e-14]]
