X.dtype: float64
X.shape: (9, 18965)
Y.dtype: float64
Y.shape: (9, 18965)
[[ 1.37526678  1.26378266 -0.10260644 ...  0.03295673  0.12563449
   0.        ]
 [ 0.94050655 -0.59205074  0.08642738 ... -0.04796326  1.24169262
   0.        ]
 [ 0.03745835 -0.00708824 -0.10260644 ... -0.006936    0.22768576
   0.        ]
 ...
 [-0.86387272  1.36706478  0.00842487 ...  0.01978134 -0.5329311
   0.        ]
 [-0.37943709 -1.72221803 -0.01854218 ...  0.14641478 -0.33285327
   0.        ]
 [-0.33309125 -0.70376113 -0.07403729 ... -0.10454679 -0.11194434
   0.        ]]
Y.dtype: float64
Y.shape: (9, 18965)
[[ 2.04226473  0.80441823 -0.7451059  ...  0.43223299  0.23860432
          nan]
 [ 1.39664783 -0.37684993  0.62761706 ... -0.62904613  2.35821573
          nan]
 [ 0.05562548 -0.00451178 -0.7451059  ... -0.09096672  0.43241953
          nan]
 ...
 [-1.28284694  0.87015898  0.0611796  ...  0.25943559 -1.01213979
          nan]
 [-0.5634623  -1.0962198  -0.1346493  ...  1.92025406 -0.63215308
          nan]
 [-0.49463895 -0.44795541 -0.53764287 ... -1.37114845 -0.21260406
          nan]]
